<?xml version="1.0" encoding="UTF-8"?>
<!-- Generated by org.testng.reporters.JUnitReportReporter -->
<testsuite hostname="PaxoTech-Win7" name="com.paxovision.qa.selenium.test.TestSignInPage" tests="1" failures="0" timestamp="17 Jan 2016 16:28:53 GMT" time="10.733" errors="0">
  <testcase name="test" time="10.733" classname="com.paxovision.qa.selenium.test.TestSignInPage"/>
</testsuite> <!-- com.paxovision.qa.selenium.test.TestSignInPage -->
