<?xml version="1.0" encoding="UTF-8"?>
<!-- Generated by org.testng.reporters.JUnitReportReporter -->
<testsuite hostname="PaxoTech-Win7" name="com.paxovision.bestbuy.script.TestRegisterPage" tests="1" failures="0" timestamp="21 Jun 2016 19:15:48 GMT" time="48.287" errors="0">
  <testcase name="test1" time="48.287" classname="com.paxovision.bestbuy.script.TestRegisterPage"/>
</testsuite> <!-- com.paxovision.bestbuy.script.TestRegisterPage -->
