<?xml version="1.0" encoding="UTF-8"?>
<!-- Generated by org.testng.reporters.JUnitReportReporter -->
<testsuite hostname="PaxoTech-Win7" name="com.blulesurge.surgecloud.framework.script.TestSignInPage" tests="1" failures="0" timestamp="31 May 2018 18:47:42 GMT" time="64.089" errors="0">
  <testcase name="test" time="64.089" classname="com.blulesurge.surgecloud.framework.script.TestSignInPage"/>
</testsuite> <!-- com.blulesurge.surgecloud.framework.script.TestSignInPage -->
