<?xml version="1.0" encoding="UTF-8"?>
<!-- Generated by org.testng.reporters.JUnitReportReporter -->
<testsuite hostname="PaxoTech-Win7" name="com.paxovision.bestbuy.script.TestSignInPage" tests="1" failures="0" timestamp="1 Feb 2016 17:27:51 GMT" time="16.261" errors="0">
  <testcase name="test" time="16.261" classname="com.paxovision.bestbuy.script.TestSignInPage"/>
</testsuite> <!-- com.paxovision.bestbuy.script.TestSignInPage -->
