<?xml version="1.0" encoding="UTF-8"?>
<!-- Generated by org.testng.reporters.JUnitReportReporter -->
<testsuite hostname="PaxoTech-Win7" name="com.paxovision.qa.selenium.test.TestCheckOut" tests="1" failures="0" timestamp="19 Jan 2016 21:10:02 GMT" time="47.444" errors="0">
  <testcase name="test" time="47.444" classname="com.paxovision.qa.selenium.test.TestCheckOut"/>
</testsuite> <!-- com.paxovision.qa.selenium.test.TestCheckOut -->
