<?xml version="1.0" encoding="UTF-8"?>
<!-- Generated by org.testng.reporters.JUnitReportReporter -->
<testsuite hostname="PaxoTech-Win7" name="com.paxovision.bestbuy.script.TestCheckOut" tests="2" failures="0" timestamp="11 Apr 2016 13:02:05 GMT" time="87.353" errors="0">
  <testcase name="testBasicFlowScript" time="51.739" classname="com.paxovision.bestbuy.script.TestCheckOut"/>
  <testcase name="testBasicFlowScript2" time="35.614" classname="com.paxovision.bestbuy.script.TestCheckOut"/>
</testsuite> <!-- com.paxovision.bestbuy.script.TestCheckOut -->
