<?xml version="1.0" encoding="UTF-8"?>
<!-- Generated by org.testng.reporters.JUnitReportReporter -->
<testsuite hostname="PaxoTech-Win7" name="com.paxovision.bestbuy.script.TestRegisterPage" tests="1" failures="0" timestamp="11 Apr 2016 13:02:05 GMT" time="12.958" errors="0">
  <testcase name="test1" time="12.958" classname="com.paxovision.bestbuy.script.TestRegisterPage"/>
</testsuite> <!-- com.paxovision.bestbuy.script.TestRegisterPage -->
